TN:
SF:src/app.js
FN:2,(anonymous_0)
FN:20,(anonymous_1)
FN:31,(anonymous_2)
FNF:3
FNH:3
FNDA:11,(anonymous_0)
FNDA:7,(anonymous_1)
FNDA:8,(anonymous_2)
DA:3,11
DA:5,11
DA:6,1
DA:8,10
DA:10,10
DA:11,1
DA:13,9
DA:15,9
DA:16,9
DA:17,9
DA:18,9
DA:21,7
DA:22,6
DA:23,6
DA:24,6
DA:25,6
DA:27,1
DA:32,8
DA:33,7
LF:19
LH:19
BRDA:5,0,0,1
BRDA:5,0,1,10
BRDA:5,1,0,11
BRDA:5,1,1,10
BRDA:5,1,2,10
BRDA:10,2,0,1
BRDA:10,2,1,9
BRDA:21,3,0,6
BRDA:21,3,1,1
BRDA:32,4,0,7
BRDA:32,4,1,1
BRF:11
BRH:11
end_of_record
TN:
SF:src/bowerman.js
FN:4,(anonymous_0)
FNF:1
FNH:1
FNDA:1,(anonymous_0)
DA:5,1
DA:6,1
DA:7,1
LF:3
LH:3
BRF:0
BRH:0
end_of_record
TN:
SF:src/deamon.js
FN:4,(anonymous_0)
FNF:1
FNH:1
FNDA:1,(anonymous_0)
DA:5,1
DA:6,1
DA:7,1
LF:3
LH:3
BRF:0
BRH:0
end_of_record
TN:
SF:src/magician.js
FN:4,(anonymous_0)
FNF:1
FNH:1
FNDA:1,(anonymous_0)
DA:5,1
DA:6,1
DA:7,1
LF:3
LH:3
BRF:0
BRH:0
end_of_record
TN:
SF:src/swordsman.js
FN:4,(anonymous_0)
FNF:1
FNH:1
FNDA:1,(anonymous_0)
DA:5,1
DA:6,1
DA:7,1
LF:3
LH:3
BRF:0
BRH:0
end_of_record
TN:
SF:src/undead.js
FN:4,(anonymous_0)
FNF:1
FNH:1
FNDA:1,(anonymous_0)
DA:5,1
DA:6,1
DA:7,1
LF:3
LH:3
BRF:0
BRH:0
end_of_record
TN:
SF:src/zombie.js
FN:4,(anonymous_0)
FNF:1
FNH:1
FNDA:1,(anonymous_0)
DA:5,1
DA:6,1
DA:7,1
LF:3
LH:3
BRF:0
BRH:0
end_of_record
